app/build/outputs/logs/manifest-merger-debug-report.txt
-- Merging decision tree log ---
manifest
ADDED from src/main/AndroidManifest.xml:2:1-26:12
	package
		ADDED from src/main/AndroidManifest.xml:3:7-50
		INJECTED from src/main/AndroidManifest.xml
		INJECTED from src/main/AndroidManifest.xml
	android:versionName
		ADDED from src/main/AndroidManifest.xml:5:7-32
		INJECTED from src/main/AndroidManifest.xml
		INJECTED from src/main/AndroidManifest.xml
	android:versionCode
		ADDED from src/main/AndroidManifest.xml:4:7-30
		INJECTED from src/main/AndroidManifest.xml
		INJECTED from src/main/AndroidManifest.xml
	xmlns:android
		ADDED from src/main/AndroidManifest.xml:2:11-69
application
ADDED from src/main/AndroidManifest.xml:6:5-20:19
	android:label
		ADDED from src/main/AndroidManifest.xml:6:48-80
	android:icon
		ADDED from src/main/AndroidManifest.xml:6:18-47
activity#com.skt.realedu.mission.dragonfly.GameTitle
ADDED from src/main/AndroidManifest.xml:7:9-13:20
	android:screenOrientation
		ADDED from src/main/AndroidManifest.xml:8:52-89
	android:label
		ADDED from src/main/AndroidManifest.xml:8:19-51
	android:name
		ADDED from src/main/AndroidManifest.xml:7:19-44
intent-filter#android.intent.action.MAIN+android.intent.category.LAUNCHER
ADDED from src/main/AndroidManifest.xml:9:13-12:29
action#android.intent.action.MAIN
ADDED from src/main/AndroidManifest.xml:10:17-69
	android:name
		ADDED from src/main/AndroidManifest.xml:10:25-66
category#android.intent.category.LAUNCHER
ADDED from src/main/AndroidManifest.xml:11:17-77
	android:name
		ADDED from src/main/AndroidManifest.xml:11:27-74
activity#com.skt.realedu.mission.dragonfly.GameHelp
ADDED from src/main/AndroidManifest.xml:15:3-77
	android:screenOrientation
		ADDED from src/main/AndroidManifest.xml:15:38-75
	android:name
		ADDED from src/main/AndroidManifest.xml:15:13-37
activity#com.skt.realedu.mission.dragonfly.GamePlay
ADDED from src/main/AndroidManifest.xml:16:3-77
	android:screenOrientation
		ADDED from src/main/AndroidManifest.xml:16:38-75
	android:name
		ADDED from src/main/AndroidManifest.xml:16:13-37
activity#com.skt.realedu.mission.dragonfly.GameResult
ADDED from src/main/AndroidManifest.xml:17:3-79
	android:screenOrientation
		ADDED from src/main/AndroidManifest.xml:17:40-77
	android:name
		ADDED from src/main/AndroidManifest.xml:17:13-39
activity#com.skt.realedu.mission.dragonfly.Collection
ADDED from src/main/AndroidManifest.xml:18:6-82
	android:screenOrientation
		ADDED from src/main/AndroidManifest.xml:18:43-80
	android:name
		ADDED from src/main/AndroidManifest.xml:18:16-42
uses-sdk
ADDED from src/main/AndroidManifest.xml:21:5-43
	android:targetSdkVersion
		INJECTED from src/main/AndroidManifest.xml
		INJECTED from src/main/AndroidManifest.xml
	android:minSdkVersion
		ADDED from src/main/AndroidManifest.xml:21:15-40
		INJECTED from src/main/AndroidManifest.xml
		INJECTED from src/main/AndroidManifest.xml
uses-permission#android.permission.CAMERA
ADDED from src/main/AndroidManifest.xml:23:1-77
	android:name
		ADDED from src/main/AndroidManifest.xml:23:18-58
uses-permission#android.permission.RESTART_PACKAGES
ADDED from src/main/AndroidManifest.xml:24:1-87
	android:name
		ADDED from src/main/AndroidManifest.xml:24:18-68
uses-permission#android.permission.VIBRATE
ADDED from src/main/AndroidManifest.xml:25:1-78
	android:name
		ADDED from src/main/AndroidManifest.xml:25:18-59